starting.......................
[10.10 18:43:00] [train_clues.py:132 - <module>()]	 train_clues.py --default_train=base --name=baseline_naive --project=baseline --wandb_dir=../../wandb --data_dir=../data/clue_json/guardian/naive_random
[10.10 18:43:00] [util.py:168 - set_seed()]	 Setting seed
[10.10 18:43:00] [util_checkpoint.py:65 - __init__()]	 Saver will track (metric, maximize?)
 [('dev/num_match_top_sampled', True), ('epoch', True)]
[10.10 18:43:00] [util.py:86 - get_available_devices()]	 Device: cuda:0	 GPU IDs: [0]	 machine: ws-l6-017

[10.10 18:45:22] [util_dataloader_batch.py:56 - __init__()]	 Loading cluedatasetbatched of type train
[10.10 18:45:23] [util_dataloader_batch.py:72 - __init__()]	 For dataset, found readme: 
[10.10 18:45:23] [util_dataloader_batch.py:73 - __init__()]	 ['Guardian data. Split: naive_random\n', 'Total: 142380\n', 'splits: [85428, 28476, 28476]\n', '\n', "{'idx': -1,\n", " 'input': 'Suffering to grasp edge of plant (8)',\n", " 'target': 'agrimony'}\n", "{'idx': -1,\n", " 'input': 'Honour Ben and Noel with new order (7)',\n", " 'target': 'ennoble'}\n", "{'idx': -1, 'input': 'Bit the royal we love? Cheers! (4)', 'target': 'iota'}\n", '\n', '\n']
[10.10 18:45:30] [util_dataloader_batch.py:197 - _get_dataloader_batched()]	 Dataset train loaded with size: 85428
[10.10 18:45:44] [util_dataloader_batch.py:34 - __post_init_check()]	 Dataloader:
	Try to convert Senegal? I've failed (10) => evangelise
[10.10 18:45:45] [util_dataloader_batch.py:174 - _get_dataloader_from_dataset()]	 Dataloader loaded from dataset
[10.10 18:45:45] [util_dataloader_batch.py:56 - __init__()]	 Loading cluedatasetbatched of type val
[10.10 18:45:48] [util_dataloader_batch.py:197 - _get_dataloader_batched()]	 Dataset val loaded with size: 28476
[10.10 18:45:49] [util_dataloader_batch.py:34 - __post_init_check()]	 Dataloader:
	Desk register taken no further than Ozzie? (7) => rolltop
[10.10 18:45:49] [util_dataloader_batch.py:174 - _get_dataloader_from_dataset()]	 Dataloader loaded from dataset
[10.10 18:45:49] [train_abc.py:439 - verify_and_log_trainer_info()]	 Verifying that all metrics are OK. The outputs here are NOT from the model that was passed ifone was passed
[10.10 18:45:49] [train_abc.py:549 - val_step()]	 Evaluating at all_step 0 (epoch=10)...
[10.10 18:45:49] [train_abc.py:558 - val_step()]	 Primary eval; epoch: 10
[10.10 18:47:02] [train_abc.py:620 - validate_val_loader()]	 
 idx: -1
Source: Desk register taken no further than Ozzie? (7)
 	Target: rolltop
	 Actual: Ozzie? (7) (7) (8) (8) (8) (8) (8) 

[10.10 18:47:04] [train_abc.py:447 - verify_and_log_trainer_info()]	 Tracking metrics [('dev/num_match_top_sampled', True), ('epoch', True)] all verified
[10.10 18:47:04] [train_abc.py:477 - verify_and_log_trainer_info()]	 
total_train_steps (num_train_ex * epochs): 427140
machine: ws-l6-017
num_train: 85428
num_val: 28476ada: True
ada_constant: False
add_special_tokens: False
batch_size: 256
batched_dl: True
ckpt_path: None
comment: 
data_dir: ../data/clue_json/guardian/naive_random
default_train: base
default_val: None
dev_run: False
do_sample: True
do_save: True
early_stopping: None
fast_tokenizer: True
generation_beams: 5
grad_accum_steps: 1
hacky: False
model_name: t5-base
multi_gpu: None
multitask: None
multitask_num: -1
name: baseline_naive
no_train: False
num_epochs: 15
num_train: 85428
num_val: 28476
num_workers: 4
project: baseline
resume_train: None
seed: 42
special: None
test: False
total_train: 427140
use_json: True
val_freq: None
wandb_dir: ../../wandb
No aux config (e.g. multitask) given

[10.10 18:47:05] [train_abc.py:343 - run()]	 For actual train, epochs start at 11
[10.10 18:47:05] [train_abc.py:950 - train_step()]	 Training epoch=11...
[10.10 18:48:38] [utils.py:148 - _init_num_threads()]	 Note: NumExpr detected 32 cores but "NUMEXPR_MAX_THREADS" not set, so enforcing safe limit of 8.
[10.10 18:48:38] [utils.py:160 - _init_num_threads()]	 NumExpr defaulting to 8 threads.
[10.10 18:48:42] [train_abc.py:549 - val_step()]	 Evaluating at all_step 85428 (epoch=11)...
[10.10 18:48:42] [train_abc.py:558 - val_step()]	 Primary eval; epoch: 11
[10.10 18:48:44] [train_abc.py:620 - validate_val_loader()]	 
 idx: -1
Source: Desk register taken no further than Ozzie? (7)
 	Target: rolltop
	 Actual: oscar

[10.10 18:51:47] [train_abc.py:493 - val_end_epoch()]	 dev/num_exact_match_char_2: 55.00	 avg: 0.0019
[10.10 18:51:47] [train_abc.py:493 - val_end_epoch()]	 dev/num_match_in_sample: 378.00	 avg: 0.0133
[10.10 18:51:47] [train_abc.py:493 - val_end_epoch()]	 dev/num_match_top_sampled: 290.00	 avg: 0.0102
[10.10 18:51:47] [train_abc.py:493 - val_end_epoch()]	 dev/num_match_top_5_sampled: 378.00	 avg: 0.0133
[10.10 18:51:47] [train_abc.py:493 - val_end_epoch()]	 dev/pct_correct_length: 4420.20	 avg: 0.1552
[10.10 18:51:47] [train_abc.py:493 - val_end_epoch()]	 dev/pct_correct_wordct: 24058.60	 avg: 0.8449
[10.10 18:51:47] [train_abc.py:493 - val_end_epoch()]	 dev/NLL: 03.09	 avg: 3.0873
[10.10 18:51:47] [util_checkpoint.py:142 - save_if_best()]	 Best metric for dev/num_match_top_sampled = 290 at epoch=11
[10.10 18:51:47] [util_checkpoint.py:113 - save_most_recent()]	 Saving most recent model at epoch=11 to ../../wandb/wandb/run-20231010_184259-krzgdnd8/files/epoch_11.pth.tar
[10.10 18:52:40] [util_checkpoint.py:142 - save_if_best()]	 Best metric for epoch = 11 at epoch=11
[10.10 18:52:40] [train_abc.py:950 - train_step()]	 Training epoch=12...
[10.10 18:54:31] [train_abc.py:549 - val_step()]	 Evaluating at all_step 170856 (epoch=12)...
[10.10 18:54:31] [train_abc.py:558 - val_step()]	 Primary eval; epoch: 12
[10.10 18:54:36] [train_abc.py:620 - validate_val_loader()]	 
 idx: -1
Source: Desk register taken no further than Ozzie? (7)
 	Target: rolltop
	 Actual: oxford

[10.10 18:57:23] [train_abc.py:493 - val_end_epoch()]	 dev/num_exact_match_char_2: 164.00	 avg: 0.0058
[10.10 18:57:23] [train_abc.py:493 - val_end_epoch()]	 dev/num_match_in_sample: 1164.00	 avg: 0.0409
[10.10 18:57:23] [train_abc.py:493 - val_end_epoch()]	 dev/num_match_top_sampled: 890.00	 avg: 0.0313
[10.10 18:57:23] [train_abc.py:493 - val_end_epoch()]	 dev/num_match_top_5_sampled: 1164.00	 avg: 0.0409
[10.10 18:57:23] [train_abc.py:493 - val_end_epoch()]	 dev/pct_correct_length: 6105.00	 avg: 0.2144
[10.10 18:57:23] [train_abc.py:493 - val_end_epoch()]	 dev/pct_correct_wordct: 26513.80	 avg: 0.9311
[10.10 18:57:23] [train_abc.py:493 - val_end_epoch()]	 dev/NLL: 02.76	 avg: 2.7619
[10.10 18:57:24] [util_checkpoint.py:142 - save_if_best()]	 Best metric for dev/num_match_top_sampled = 890 at epoch=12
[10.10 18:57:24] [util_checkpoint.py:113 - save_most_recent()]	 Saving most recent model at epoch=12 to ../../wandb/wandb/run-20231010_184259-krzgdnd8/files/epoch_12.pth.tar
[10.10 18:58:11] [util_checkpoint.py:142 - save_if_best()]	 Best metric for epoch = 12 at epoch=12
[10.10 18:58:12] [train_abc.py:950 - train_step()]	 Training epoch=13...
[10.10 19:00:28] [train_abc.py:549 - val_step()]	 Evaluating at all_step 256284 (epoch=13)...
[10.10 19:00:28] [train_abc.py:558 - val_step()]	 Primary eval; epoch: 13
[10.10 19:00:34] [train_abc.py:620 - validate_val_loader()]	 
 idx: -1
Source: Desk register taken no further than Ozzie? (7)
 	Target: rolltop
	 Actual: scotch

[10.10 19:03:23] [train_abc.py:493 - val_end_epoch()]	 dev/num_exact_match_char_2: 380.00	 avg: 0.0133
[10.10 19:03:23] [train_abc.py:493 - val_end_epoch()]	 dev/num_match_in_sample: 2095.00	 avg: 0.0736
[10.10 19:03:23] [train_abc.py:493 - val_end_epoch()]	 dev/num_match_top_sampled: 1568.00	 avg: 0.0551
[10.10 19:03:23] [train_abc.py:493 - val_end_epoch()]	 dev/num_match_top_5_sampled: 2095.00	 avg: 0.0736
[10.10 19:03:23] [train_abc.py:493 - val_end_epoch()]	 dev/pct_correct_length: 7532.20	 avg: 0.2645
[10.10 19:03:23] [train_abc.py:493 - val_end_epoch()]	 dev/pct_correct_wordct: 27293.60	 avg: 0.9585
[10.10 19:03:23] [train_abc.py:493 - val_end_epoch()]	 dev/NLL: 02.56	 avg: 2.5634
[10.10 19:03:24] [util_checkpoint.py:142 - save_if_best()]	 Best metric for dev/num_match_top_sampled = 1568 at epoch=13
[10.10 19:03:24] [util_checkpoint.py:113 - save_most_recent()]	 Saving most recent model at epoch=13 to ../../wandb/wandb/run-20231010_184259-krzgdnd8/files/epoch_13.pth.tar
[10.10 19:04:07] [util_checkpoint.py:142 - save_if_best()]	 Best metric for epoch = 13 at epoch=13
[10.10 19:04:08] [train_abc.py:950 - train_step()]	 Training epoch=14...
[10.10 19:06:19] [train_abc.py:549 - val_step()]	 Evaluating at all_step 341712 (epoch=14)...
[10.10 19:06:19] [train_abc.py:558 - val_step()]	 Primary eval; epoch: 14
[10.10 19:06:24] [train_abc.py:620 - validate_val_loader()]	 
 idx: -1
Source: Desk register taken no further than Ozzie? (7)
 	Target: rolltop
	 Actual: registrar

[10.10 19:09:09] [train_abc.py:493 - val_end_epoch()]	 dev/num_exact_match_char_2: 749.00	 avg: 0.0263
[10.10 19:09:09] [train_abc.py:493 - val_end_epoch()]	 dev/num_match_in_sample: 2989.00	 avg: 0.1050
[10.10 19:09:09] [train_abc.py:493 - val_end_epoch()]	 dev/num_match_top_sampled: 2207.00	 avg: 0.0775
[10.10 19:09:09] [train_abc.py:493 - val_end_epoch()]	 dev/num_match_top_5_sampled: 2989.00	 avg: 0.1050
[10.10 19:09:09] [train_abc.py:493 - val_end_epoch()]	 dev/pct_correct_length: 8880.00	 avg: 0.3118
[10.10 19:09:09] [train_abc.py:493 - val_end_epoch()]	 dev/pct_correct_wordct: 27617.60	 avg: 0.9699
[10.10 19:09:09] [train_abc.py:493 - val_end_epoch()]	 dev/NLL: 02.43	 avg: 2.4305
[10.10 19:09:10] [util_checkpoint.py:142 - save_if_best()]	 Best metric for dev/num_match_top_sampled = 2207 at epoch=14
[10.10 19:09:10] [util_checkpoint.py:113 - save_most_recent()]	 Saving most recent model at epoch=14 to ../../wandb/wandb/run-20231010_184259-krzgdnd8/files/epoch_14.pth.tar
[10.10 19:09:47] [util_checkpoint.py:142 - save_if_best()]	 Best metric for epoch = 14 at epoch=14
[10.10 19:09:48] [train_abc.py:950 - train_step()]	 Training epoch=15...
[10.10 19:12:06] [train_abc.py:549 - val_step()]	 Evaluating at all_step 427140 (epoch=15)...
[10.10 19:12:06] [train_abc.py:558 - val_step()]	 Primary eval; epoch: 15
[10.10 19:12:13] [train_abc.py:620 - validate_val_loader()]	 
 idx: -1
Source: Desk register taken no further than Ozzie? (7)
 	Target: rolltop
	 Actual: registrar

[10.10 19:14:57] [train_abc.py:493 - val_end_epoch()]	 dev/num_exact_match_char_2: 1111.00	 avg: 0.0390
[10.10 19:14:57] [train_abc.py:493 - val_end_epoch()]	 dev/num_match_in_sample: 3711.00	 avg: 0.1303
[10.10 19:14:57] [train_abc.py:493 - val_end_epoch()]	 dev/num_match_top_sampled: 2699.00	 avg: 0.0948
[10.10 19:14:57] [train_abc.py:493 - val_end_epoch()]	 dev/num_match_top_5_sampled: 3711.00	 avg: 0.1303
[10.10 19:14:57] [train_abc.py:493 - val_end_epoch()]	 dev/pct_correct_length: 9985.00	 avg: 0.3506
[10.10 19:14:57] [train_abc.py:493 - val_end_epoch()]	 dev/pct_correct_wordct: 27813.80	 avg: 0.9767
[10.10 19:14:57] [train_abc.py:493 - val_end_epoch()]	 dev/NLL: 02.35	 avg: 2.3503
[10.10 19:14:58] [util_checkpoint.py:142 - save_if_best()]	 Best metric for dev/num_match_top_sampled = 2699 at epoch=15
[10.10 19:14:58] [util_checkpoint.py:113 - save_most_recent()]	 Saving most recent model at epoch=15 to ../../wandb/wandb/run-20231010_184259-krzgdnd8/files/epoch_15.pth.tar
[10.10 19:15:31] [util_checkpoint.py:142 - save_if_best()]	 Best metric for epoch = 15 at epoch=15
[10.10 19:15:31] [train_abc.py:950 - train_step()]	 Training epoch=16...
[10.10 19:18:15] [train_abc.py:549 - val_step()]	 Evaluating at all_step 512568 (epoch=16)...
[10.10 19:18:15] [train_abc.py:558 - val_step()]	 Primary eval; epoch: 16
[10.10 19:18:22] [train_abc.py:620 - validate_val_loader()]	 
 idx: -1
Source: Desk register taken no further than Ozzie? (7)
 	Target: rolltop
	 Actual: scribe

[10.10 19:21:29] [train_abc.py:493 - val_end_epoch()]	 dev/num_exact_match_char_2: 1524.00	 avg: 0.0535
[10.10 19:21:29] [train_abc.py:493 - val_end_epoch()]	 dev/num_match_in_sample: 4460.00	 avg: 0.1566
[10.10 19:21:29] [train_abc.py:493 - val_end_epoch()]	 dev/num_match_top_sampled: 3157.00	 avg: 0.1109
[10.10 19:21:29] [train_abc.py:493 - val_end_epoch()]	 dev/num_match_top_5_sampled: 4460.00	 avg: 0.1566
[10.10 19:21:29] [train_abc.py:493 - val_end_epoch()]	 dev/pct_correct_length: 10885.80	 avg: 0.3823
[10.10 19:21:29] [train_abc.py:493 - val_end_epoch()]	 dev/pct_correct_wordct: 27932.00	 avg: 0.9809
[10.10 19:21:29] [train_abc.py:493 - val_end_epoch()]	 dev/NLL: 02.31	 avg: 2.3112
[10.10 19:21:30] [util_checkpoint.py:142 - save_if_best()]	 Best metric for dev/num_match_top_sampled = 3157 at epoch=16
[10.10 19:21:30] [util_checkpoint.py:113 - save_most_recent()]	 Saving most recent model at epoch=16 to ../../wandb/wandb/run-20231010_184259-krzgdnd8/files/epoch_16.pth.tar
[10.10 19:22:09] [util_checkpoint.py:142 - save_if_best()]	 Best metric for epoch = 16 at epoch=16
[10.10 19:22:10] [train_abc.py:950 - train_step()]	 Training epoch=17...
[10.10 19:24:01] [train_abc.py:549 - val_step()]	 Evaluating at all_step 597996 (epoch=17)...
[10.10 19:24:01] [train_abc.py:558 - val_step()]	 Primary eval; epoch: 17
[10.10 19:24:04] [train_abc.py:620 - validate_val_loader()]	 
 idx: -1
Source: Desk register taken no further than Ozzie? (7)
 	Target: rolltop
	 Actual: registrar

[10.10 19:27:06] [train_abc.py:493 - val_end_epoch()]	 dev/num_exact_match_char_2: 2031.00	 avg: 0.0713
[10.10 19:27:07] [train_abc.py:493 - val_end_epoch()]	 dev/num_match_in_sample: 5141.00	 avg: 0.1805
[10.10 19:27:07] [train_abc.py:493 - val_end_epoch()]	 dev/num_match_top_sampled: 3622.00	 avg: 0.1272
[10.10 19:27:07] [train_abc.py:493 - val_end_epoch()]	 dev/num_match_top_5_sampled: 5141.00	 avg: 0.1805
[10.10 19:27:07] [train_abc.py:493 - val_end_epoch()]	 dev/pct_correct_length: 11849.80	 avg: 0.4161
[10.10 19:27:07] [train_abc.py:493 - val_end_epoch()]	 dev/pct_correct_wordct: 27857.40	 avg: 0.9783
[10.10 19:27:07] [train_abc.py:493 - val_end_epoch()]	 dev/NLL: 02.30	 avg: 2.2966
[10.10 19:27:07] [util_checkpoint.py:142 - save_if_best()]	 Best metric for dev/num_match_top_sampled = 3622 at epoch=17
[10.10 19:27:07] [util_checkpoint.py:113 - save_most_recent()]	 Saving most recent model at epoch=17 to ../../wandb/wandb/run-20231010_184259-krzgdnd8/files/epoch_17.pth.tar
[10.10 19:27:48] [util_checkpoint.py:142 - save_if_best()]	 Best metric for epoch = 17 at epoch=17
[10.10 19:27:49] [train_abc.py:950 - train_step()]	 Training epoch=18...
[10.10 19:29:49] [train_abc.py:549 - val_step()]	 Evaluating at all_step 683424 (epoch=18)...
[10.10 19:29:49] [train_abc.py:558 - val_step()]	 Primary eval; epoch: 18
[10.10 19:29:58] [train_abc.py:620 - validate_val_loader()]	 
 idx: -1
Source: Desk register taken no further than Ozzie? (7)
 	Target: rolltop
	 Actual: scribe

[10.10 19:33:04] [train_abc.py:493 - val_end_epoch()]	 dev/num_exact_match_char_2: 2330.00	 avg: 0.0818
[10.10 19:33:04] [train_abc.py:493 - val_end_epoch()]	 dev/num_match_in_sample: 5499.00	 avg: 0.1931
[10.10 19:33:04] [train_abc.py:493 - val_end_epoch()]	 dev/num_match_top_sampled: 3938.00	 avg: 0.1383
[10.10 19:33:04] [train_abc.py:493 - val_end_epoch()]	 dev/num_match_top_5_sampled: 5499.00	 avg: 0.1931
[10.10 19:33:04] [train_abc.py:493 - val_end_epoch()]	 dev/pct_correct_length: 11826.20	 avg: 0.4153
[10.10 19:33:04] [train_abc.py:493 - val_end_epoch()]	 dev/pct_correct_wordct: 27841.40	 avg: 0.9777
[10.10 19:33:04] [train_abc.py:493 - val_end_epoch()]	 dev/NLL: 02.36	 avg: 2.3632
[10.10 19:33:05] [util_checkpoint.py:142 - save_if_best()]	 Best metric for dev/num_match_top_sampled = 3938 at epoch=18
[10.10 19:33:05] [util_checkpoint.py:113 - save_most_recent()]	 Saving most recent model at epoch=18 to ../../wandb/wandb/run-20231010_184259-krzgdnd8/files/epoch_18.pth.tar
[10.10 19:34:18] [util_checkpoint.py:142 - save_if_best()]	 Best metric for epoch = 18 at epoch=18
[10.10 19:34:19] [train_abc.py:950 - train_step()]	 Training epoch=19...
[10.10 19:36:24] [train_abc.py:549 - val_step()]	 Evaluating at all_step 768852 (epoch=19)...
[10.10 19:36:24] [train_abc.py:558 - val_step()]	 Primary eval; epoch: 19
[10.10 19:36:33] [train_abc.py:620 - validate_val_loader()]	 
 idx: -1
Source: Desk register taken no further than Ozzie? (7)
 	Target: rolltop
	 Actual: scribe

[10.10 19:39:21] [train_abc.py:493 - val_end_epoch()]	 dev/num_exact_match_char_2: 2553.00	 avg: 0.0897
[10.10 19:39:21] [train_abc.py:493 - val_end_epoch()]	 dev/num_match_in_sample: 5795.00	 avg: 0.2035
[10.10 19:39:21] [train_abc.py:493 - val_end_epoch()]	 dev/num_match_top_sampled: 4167.00	 avg: 0.1463
[10.10 19:39:21] [train_abc.py:493 - val_end_epoch()]	 dev/num_match_top_5_sampled: 5795.00	 avg: 0.2035
[10.10 19:39:21] [train_abc.py:493 - val_end_epoch()]	 dev/pct_correct_length: 12464.40	 avg: 0.4377
[10.10 19:39:21] [train_abc.py:493 - val_end_epoch()]	 dev/pct_correct_wordct: 27826.40	 avg: 0.9772
[10.10 19:39:21] [train_abc.py:493 - val_end_epoch()]	 dev/NLL: 02.39	 avg: 2.3864
[10.10 19:39:22] [util_checkpoint.py:142 - save_if_best()]	 Best metric for dev/num_match_top_sampled = 4167 at epoch=19
[10.10 19:39:22] [util_checkpoint.py:113 - save_most_recent()]	 Saving most recent model at epoch=19 to ../../wandb/wandb/run-20231010_184259-krzgdnd8/files/epoch_19.pth.tar
[10.10 19:39:49] [util_checkpoint.py:142 - save_if_best()]	 Best metric for epoch = 19 at epoch=19
[10.10 19:39:50] [train_abc.py:950 - train_step()]	 Training epoch=20...
[10.10 19:41:33] [train_abc.py:549 - val_step()]	 Evaluating at all_step 854280 (epoch=20)...
[10.10 19:41:33] [train_abc.py:558 - val_step()]	 Primary eval; epoch: 20
[10.10 19:41:37] [train_abc.py:620 - validate_val_loader()]	 
 idx: -1
Source: Desk register taken no further than Ozzie? (7)
 	Target: rolltop
	 Actual: scribe

[10.10 19:44:07] [train_abc.py:493 - val_end_epoch()]	 dev/num_exact_match_char_2: 2863.00	 avg: 0.1005
[10.10 19:44:07] [train_abc.py:493 - val_end_epoch()]	 dev/num_match_in_sample: 6064.00	 avg: 0.2130
[10.10 19:44:07] [train_abc.py:493 - val_end_epoch()]	 dev/num_match_top_sampled: 4299.00	 avg: 0.1510
[10.10 19:44:07] [train_abc.py:493 - val_end_epoch()]	 dev/num_match_top_5_sampled: 6064.00	 avg: 0.2130
[10.10 19:44:07] [train_abc.py:493 - val_end_epoch()]	 dev/pct_correct_length: 13706.40	 avg: 0.4813
[10.10 19:44:07] [train_abc.py:493 - val_end_epoch()]	 dev/pct_correct_wordct: 27906.80	 avg: 0.9800
[10.10 19:44:07] [train_abc.py:493 - val_end_epoch()]	 dev/NLL: 02.50	 avg: 2.5042
[10.10 19:44:08] [util_checkpoint.py:142 - save_if_best()]	 Best metric for dev/num_match_top_sampled = 4299 at epoch=20
[10.10 19:44:08] [util_checkpoint.py:113 - save_most_recent()]	 Saving most recent model at epoch=20 to ../../wandb/wandb/run-20231010_184259-krzgdnd8/files/epoch_20.pth.tar
[10.10 19:44:55] [util_checkpoint.py:142 - save_if_best()]	 Best metric for epoch = 20 at epoch=20
[10.10 19:44:56] [train_abc.py:950 - train_step()]	 Training epoch=21...
[10.10 19:47:01] [train_abc.py:549 - val_step()]	 Evaluating at all_step 939708 (epoch=21)...
[10.10 19:47:01] [train_abc.py:558 - val_step()]	 Primary eval; epoch: 21
[10.10 19:47:06] [train_abc.py:620 - validate_val_loader()]	 
 idx: -1
Source: Desk register taken no further than Ozzie? (7)
 	Target: rolltop
	 Actual: registrar

[10.10 19:49:30] [train_abc.py:493 - val_end_epoch()]	 dev/num_exact_match_char_2: 3198.00	 avg: 0.1123
[10.10 19:49:30] [train_abc.py:493 - val_end_epoch()]	 dev/num_match_in_sample: 6293.00	 avg: 0.2210
[10.10 19:49:30] [train_abc.py:493 - val_end_epoch()]	 dev/num_match_top_sampled: 4485.00	 avg: 0.1575
[10.10 19:49:30] [train_abc.py:493 - val_end_epoch()]	 dev/num_match_top_5_sampled: 6293.00	 avg: 0.2210
[10.10 19:49:30] [train_abc.py:493 - val_end_epoch()]	 dev/pct_correct_length: 13804.80	 avg: 0.4848
[10.10 19:49:30] [train_abc.py:493 - val_end_epoch()]	 dev/pct_correct_wordct: 27833.00	 avg: 0.9774
[10.10 19:49:30] [train_abc.py:493 - val_end_epoch()]	 dev/NLL: 02.58	 avg: 2.5781
[10.10 19:49:30] [util_checkpoint.py:142 - save_if_best()]	 Best metric for dev/num_match_top_sampled = 4485 at epoch=21
[10.10 19:49:30] [util_checkpoint.py:113 - save_most_recent()]	 Saving most recent model at epoch=21 to ../../wandb/wandb/run-20231010_184259-krzgdnd8/files/epoch_21.pth.tar
[10.10 19:50:01] [util_checkpoint.py:142 - save_if_best()]	 Best metric for epoch = 21 at epoch=21
[10.10 19:50:02] [train_abc.py:950 - train_step()]	 Training epoch=22...
[10.10 19:55:40] [train_abc.py:549 - val_step()]	 Evaluating at all_step 1025136 (epoch=22)...
[10.10 19:55:40] [train_abc.py:558 - val_step()]	 Primary eval; epoch: 22
[10.10 19:55:46] [train_abc.py:620 - validate_val_loader()]	 
 idx: -1
Source: Desk register taken no further than Ozzie? (7)
 	Target: rolltop
	 Actual: scribe

[10.10 19:58:11] [train_abc.py:493 - val_end_epoch()]	 dev/num_exact_match_char_2: 3161.00	 avg: 0.1110
[10.10 19:58:11] [train_abc.py:493 - val_end_epoch()]	 dev/num_match_in_sample: 6185.00	 avg: 0.2172
[10.10 19:58:11] [train_abc.py:493 - val_end_epoch()]	 dev/num_match_top_sampled: 4405.00	 avg: 0.1547
[10.10 19:58:11] [train_abc.py:493 - val_end_epoch()]	 dev/num_match_top_5_sampled: 6185.00	 avg: 0.2172
[10.10 19:58:11] [train_abc.py:493 - val_end_epoch()]	 dev/pct_correct_length: 13249.00	 avg: 0.4653
[10.10 19:58:11] [train_abc.py:493 - val_end_epoch()]	 dev/pct_correct_wordct: 27903.80	 avg: 0.9799
[10.10 19:58:11] [train_abc.py:493 - val_end_epoch()]	 dev/NLL: 02.69	 avg: 2.6917
[10.10 19:58:12] [util_checkpoint.py:142 - save_if_best()]	 Best metric for epoch = 22 at epoch=22
[10.10 19:58:12] [util_checkpoint.py:113 - save_most_recent()]	 Saving most recent model at epoch=22 to ../../wandb/wandb/run-20231010_184259-krzgdnd8/files/epoch_22.pth.tar
[10.10 19:59:06] [train_abc.py:950 - train_step()]	 Training epoch=23...
[10.10 20:01:14] [train_abc.py:549 - val_step()]	 Evaluating at all_step 1110564 (epoch=23)...
[10.10 20:01:14] [train_abc.py:558 - val_step()]	 Primary eval; epoch: 23
[10.10 20:01:18] [train_abc.py:620 - validate_val_loader()]	 
 idx: -1
Source: Desk register taken no further than Ozzie? (7)
 	Target: rolltop
	 Actual: scrimmy

[10.10 20:03:47] [train_abc.py:493 - val_end_epoch()]	 dev/num_exact_match_char_2: 3189.00	 avg: 0.1120
[10.10 20:03:47] [train_abc.py:493 - val_end_epoch()]	 dev/num_match_in_sample: 6068.00	 avg: 0.2131
[10.10 20:03:47] [train_abc.py:493 - val_end_epoch()]	 dev/num_match_top_sampled: 4376.00	 avg: 0.1537
[10.10 20:03:47] [train_abc.py:493 - val_end_epoch()]	 dev/num_match_top_5_sampled: 6068.00	 avg: 0.2131
[10.10 20:03:47] [train_abc.py:493 - val_end_epoch()]	 dev/pct_correct_length: 13792.40	 avg: 0.4844
[10.10 20:03:47] [train_abc.py:493 - val_end_epoch()]	 dev/pct_correct_wordct: 27795.60	 avg: 0.9761
[10.10 20:03:47] [train_abc.py:493 - val_end_epoch()]	 dev/NLL: 02.85	 avg: 2.8501
[10.10 20:03:47] [util_checkpoint.py:142 - save_if_best()]	 Best metric for epoch = 23 at epoch=23
[10.10 20:03:47] [util_checkpoint.py:113 - save_most_recent()]	 Saving most recent model at epoch=23 to ../../wandb/wandb/run-20231010_184259-krzgdnd8/files/epoch_23.pth.tar
[10.10 20:04:40] [train_abc.py:950 - train_step()]	 Training epoch=24...
[10.10 20:07:25] [train_abc.py:549 - val_step()]	 Evaluating at all_step 1195992 (epoch=24)...
[10.10 20:07:25] [train_abc.py:558 - val_step()]	 Primary eval; epoch: 24
[10.10 20:07:32] [train_abc.py:620 - validate_val_loader()]	 
 idx: -1
Source: Desk register taken no further than Ozzie? (7)
 	Target: rolltop
	 Actual: teller

[10.10 20:10:00] [train_abc.py:493 - val_end_epoch()]	 dev/num_exact_match_char_2: 3254.00	 avg: 0.1143
[10.10 20:10:00] [train_abc.py:493 - val_end_epoch()]	 dev/num_match_in_sample: 6138.00	 avg: 0.2155
[10.10 20:10:00] [train_abc.py:493 - val_end_epoch()]	 dev/num_match_top_sampled: 4353.00	 avg: 0.1529
[10.10 20:10:00] [train_abc.py:493 - val_end_epoch()]	 dev/num_match_top_5_sampled: 6138.00	 avg: 0.2155
[10.10 20:10:00] [train_abc.py:493 - val_end_epoch()]	 dev/pct_correct_length: 13967.00	 avg: 0.4905
[10.10 20:10:00] [train_abc.py:493 - val_end_epoch()]	 dev/pct_correct_wordct: 27800.00	 avg: 0.9763
[10.10 20:10:00] [train_abc.py:493 - val_end_epoch()]	 dev/NLL: 02.95	 avg: 2.9523
[10.10 20:10:01] [util_checkpoint.py:142 - save_if_best()]	 Best metric for epoch = 24 at epoch=24
[10.10 20:10:01] [util_checkpoint.py:113 - save_most_recent()]	 Saving most recent model at epoch=24 to ../../wandb/wandb/run-20231010_184259-krzgdnd8/files/epoch_24.pth.tar
[10.10 20:10:56] [train_abc.py:950 - train_step()]	 Training epoch=25...
[10.10 20:13:03] [train_abc.py:549 - val_step()]	 Evaluating at all_step 1281420 (epoch=25)...
[10.10 20:13:03] [train_abc.py:558 - val_step()]	 Primary eval; epoch: 25
[10.10 20:13:07] [train_abc.py:620 - validate_val_loader()]	 
 idx: -1
Source: Desk register taken no further than Ozzie? (7)
 	Target: rolltop
	 Actual: skedaddle

[10.10 20:15:37] [train_abc.py:493 - val_end_epoch()]	 dev/num_exact_match_char_2: 3283.00	 avg: 0.1153
[10.10 20:15:37] [train_abc.py:493 - val_end_epoch()]	 dev/num_match_in_sample: 5977.00	 avg: 0.2099
[10.10 20:15:37] [train_abc.py:493 - val_end_epoch()]	 dev/num_match_top_sampled: 4315.00	 avg: 0.1515
[10.10 20:15:37] [train_abc.py:493 - val_end_epoch()]	 dev/num_match_top_5_sampled: 5977.00	 avg: 0.2099
[10.10 20:15:37] [train_abc.py:493 - val_end_epoch()]	 dev/pct_correct_length: 14327.00	 avg: 0.5031
[10.10 20:15:37] [train_abc.py:493 - val_end_epoch()]	 dev/pct_correct_wordct: 27735.20	 avg: 0.9740
[10.10 20:15:37] [train_abc.py:493 - val_end_epoch()]	 dev/NLL: 03.09	 avg: 3.0856
[10.10 20:15:37] [util_checkpoint.py:142 - save_if_best()]	 Best metric for epoch = 25 at epoch=25
[10.10 20:15:37] [util_checkpoint.py:113 - save_most_recent()]	 Saving most recent model at epoch=25 to ../../wandb/wandb/run-20231010_184259-krzgdnd8/files/epoch_25.pth.tar
[10.10 20:17:11] [train_clues.py:110 - post_run()]	 loading from
	../../wandb/wandb/run-20231010_184259-krzgdnd8/files/epoch_21.pth.tar
	../../wandb/wandb/run-20231010_184259-krzgdnd8/files/ckpt_dev_num_match_top_sampled_4485.00_21.pth.tar
[10.10 20:17:11] [train_clues.py:113 - post_run()]	 for final validation:
	../../wandb/wandb/run-20231010_184259-krzgdnd8/files/epoch_21.pth.tarpreds.json
 ending 
