starting.......................
[10.11 21:17:24] [train_clues.py:132 - <module>()]	 train_clues.py --default_train=base --name=naive_word_intial_disjoint --project=baseline --wandb_dir=../../wandb --data_dir=../data/clue_json/guardian/word_initial_disjoint --num_epochs=25 --batch_size=128
[10.11 21:17:24] [util.py:168 - set_seed()]	 Setting seed
[10.11 21:17:24] [util_checkpoint.py:65 - __init__()]	 Saver will track (metric, maximize?)
 [('dev/num_match_top_sampled', True), ('epoch', True)]
[10.11 21:17:24] [util.py:86 - get_available_devices()]	 Device: cuda:0	 GPU IDs: [0]	 machine: ws-l6-017

[10.11 21:18:51] [util_dataloader_batch.py:56 - __init__()]	 Loading cluedatasetbatched of type train
[10.11 21:18:52] [util_dataloader_batch.py:72 - __init__()]	 For dataset, found readme: 
[10.11 21:18:52] [util_dataloader_batch.py:73 - __init__()]	 ['Guardian data. Split: word_init_disjoint\n', 'Total: 142380\n', 'splits: [75847, 32628, 33905]\n', '\n', "{'idx': -1, 'input': 'Sailor boy in his hammock (4)', 'target': 'abed'}\n", "{'idx': -1,\n", " 'input': 'With a degree, I leave this subject (5)',\n", " 'target': 'maths'}\n", "{'idx': -1,\n", " 'input': 'Burrow to cure limb and make sure one gets up (3,3,5)',\n", " 'target': 'set the alarm'}\n", '\n', '\n']
[10.11 21:18:55] [util_dataloader_batch.py:197 - _get_dataloader_batched()]	 Dataset train loaded with size: 75847
[10.11 21:19:02] [util_dataloader_batch.py:34 - __post_init_check()]	 Dataloader:
	"A thousand times no!" encapsulated in this Reformer (4) => knox
[10.11 21:19:03] [util_dataloader_batch.py:174 - _get_dataloader_from_dataset()]	 Dataloader loaded from dataset
[10.11 21:19:03] [util_dataloader_batch.py:56 - __init__()]	 Loading cluedatasetbatched of type val
[10.11 21:19:11] [util_dataloader_batch.py:197 - _get_dataloader_batched()]	 Dataset val loaded with size: 32628
[10.11 21:19:14] [util_dataloader_batch.py:34 - __post_init_check()]	 Dataloader:
	Tension in an arm? Slightly (1,6) => a trifle
[10.11 21:19:14] [util_dataloader_batch.py:174 - _get_dataloader_from_dataset()]	 Dataloader loaded from dataset
[10.11 21:19:14] [train_abc.py:439 - verify_and_log_trainer_info()]	 Verifying that all metrics are OK. The outputs here are NOT from the model that was passed ifone was passed
[10.11 21:19:14] [train_abc.py:549 - val_step()]	 Evaluating at all_step 0 (epoch=10)...
[10.11 21:19:14] [train_abc.py:558 - val_step()]	 Primary eval; epoch: 10
[10.11 21:20:28] [train_abc.py:620 - validate_val_loader()]	 
 idx: -1
Source: Tension in an arm? Slightly (1,6)
 	Target: a trifle
	 Actual: ? Slightly (1,6) (1,6) (1,6) (1,6) (1,

[10.11 21:20:30] [train_abc.py:447 - verify_and_log_trainer_info()]	 Tracking metrics [('dev/num_match_top_sampled', True), ('epoch', True)] all verified
[10.11 21:20:31] [train_abc.py:477 - verify_and_log_trainer_info()]	 
total_train_steps (num_train_ex * epochs): 815700
machine: ws-l6-017
num_train: 75847
num_val: 32628ada: True
ada_constant: False
add_special_tokens: False
batch_size: 128
batched_dl: True
ckpt_path: None
comment: 
data_dir: ../data/clue_json/guardian/word_initial_disjoint
default_train: base
default_val: None
dev_run: False
do_sample: True
do_save: True
early_stopping: None
fast_tokenizer: True
generation_beams: 5
grad_accum_steps: 1
hacky: False
model_name: t5-base
multi_gpu: None
multitask: None
multitask_num: -1
name: naive_word_intial_disjoint
no_train: False
num_epochs: 25
num_train: 75847
num_val: 32628
num_workers: 4
project: baseline
resume_train: None
seed: 42
special: None
test: False
total_train: 815700
use_json: True
val_freq: None
wandb_dir: ../../wandb
No aux config (e.g. multitask) given

[10.11 21:20:31] [train_abc.py:343 - run()]	 For actual train, epochs start at 11
[10.11 21:20:31] [train_abc.py:950 - train_step()]	 Training epoch=11...
[10.11 21:28:52] [utils.py:148 - _init_num_threads()]	 Note: NumExpr detected 32 cores but "NUMEXPR_MAX_THREADS" not set, so enforcing safe limit of 8.
[10.11 21:28:52] [utils.py:160 - _init_num_threads()]	 NumExpr defaulting to 8 threads.
[10.11 21:28:56] [train_abc.py:549 - val_step()]	 Evaluating at all_step 75847 (epoch=11)...
[10.11 21:28:56] [train_abc.py:558 - val_step()]	 Primary eval; epoch: 11
[10.11 21:29:21] [train_abc.py:620 - validate_val_loader()]	 
 idx: -1
Source: Tension in an arm? Slightly (1,6)
 	Target: a trifle
	 Actual: a bit

[10.11 22:58:03] [train_abc.py:493 - val_end_epoch()]	 dev/num_exact_match_char_2: 09.00	 avg: 0.0003
[10.11 22:58:03] [train_abc.py:493 - val_end_epoch()]	 dev/num_match_in_sample: 98.00	 avg: 0.0030
[10.11 22:58:03] [train_abc.py:493 - val_end_epoch()]	 dev/num_match_top_sampled: 68.00	 avg: 0.0021
[10.11 22:58:03] [train_abc.py:493 - val_end_epoch()]	 dev/num_match_top_5_sampled: 98.00	 avg: 0.0030
[10.11 22:58:03] [train_abc.py:493 - val_end_epoch()]	 dev/pct_correct_length: 6438.20	 avg: 0.1973
[10.11 22:58:03] [train_abc.py:493 - val_end_epoch()]	 dev/pct_correct_wordct: 28723.40	 avg: 0.8803
[10.11 22:58:03] [train_abc.py:493 - val_end_epoch()]	 dev/NLL: 03.55	 avg: 3.5471
[10.11 22:58:03] [util_checkpoint.py:142 - save_if_best()]	 Best metric for dev/num_match_top_sampled = 68 at epoch=11
[10.11 22:58:03] [util_checkpoint.py:113 - save_most_recent()]	 Saving most recent model at epoch=11 to ../../wandb/wandb/run-20231011_211723-3sdgff0h/files/epoch_11.pth.tar
[10.11 22:58:55] [util_checkpoint.py:142 - save_if_best()]	 Best metric for epoch = 11 at epoch=11
[10.11 22:58:55] [train_abc.py:950 - train_step()]	 Training epoch=12...
[10.11 23:08:23] [train_abc.py:549 - val_step()]	 Evaluating at all_step 151694 (epoch=12)...
[10.11 23:08:23] [train_abc.py:558 - val_step()]	 Primary eval; epoch: 12
[10.11 23:08:46] [train_abc.py:620 - validate_val_loader()]	 
 idx: -1
Source: Tension in an arm? Slightly (1,6)
 	Target: a trifle
	 Actual: a slight

[10.12 00:02:16] [train_abc.py:493 - val_end_epoch()]	 dev/num_exact_match_char_2: 21.00	 avg: 0.0006
[10.12 00:02:16] [train_abc.py:493 - val_end_epoch()]	 dev/num_match_in_sample: 121.00	 avg: 0.0037
[10.12 00:02:16] [train_abc.py:493 - val_end_epoch()]	 dev/num_match_top_sampled: 80.00	 avg: 0.0025
[10.12 00:02:16] [train_abc.py:493 - val_end_epoch()]	 dev/num_match_top_5_sampled: 121.00	 avg: 0.0037
[10.12 00:02:16] [train_abc.py:493 - val_end_epoch()]	 dev/pct_correct_length: 9221.00	 avg: 0.2826
[10.12 00:02:16] [train_abc.py:493 - val_end_epoch()]	 dev/pct_correct_wordct: 30917.60	 avg: 0.9476
[10.12 00:02:16] [train_abc.py:493 - val_end_epoch()]	 dev/NLL: 03.66	 avg: 3.6641
[10.12 00:02:18] [util_checkpoint.py:142 - save_if_best()]	 Best metric for dev/num_match_top_sampled = 80 at epoch=12
[10.12 00:02:18] [util_checkpoint.py:113 - save_most_recent()]	 Saving most recent model at epoch=12 to ../../wandb/wandb/run-20231011_211723-3sdgff0h/files/epoch_12.pth.tar
[10.12 00:03:09] [util_checkpoint.py:142 - save_if_best()]	 Best metric for epoch = 12 at epoch=12
[10.12 00:03:09] [train_abc.py:950 - train_step()]	 Training epoch=13...
[10.12 00:09:09] [train_abc.py:549 - val_step()]	 Evaluating at all_step 227541 (epoch=13)...
[10.12 00:09:09] [train_abc.py:558 - val_step()]	 Primary eval; epoch: 13
[10.12 00:09:20] [train_abc.py:620 - validate_val_loader()]	 
 idx: -1
Source: Tension in an arm? Slightly (1,6)
 	Target: a trifle
	 Actual: a bit

[10.12 00:35:56] [train_abc.py:493 - val_end_epoch()]	 dev/num_exact_match_char_2: 27.00	 avg: 0.0008
[10.12 00:35:57] [train_abc.py:493 - val_end_epoch()]	 dev/num_match_in_sample: 105.00	 avg: 0.0032
[10.12 00:35:57] [train_abc.py:493 - val_end_epoch()]	 dev/num_match_top_sampled: 62.00	 avg: 0.0019
[10.12 00:35:57] [train_abc.py:493 - val_end_epoch()]	 dev/num_match_top_5_sampled: 105.00	 avg: 0.0032
[10.12 00:35:57] [train_abc.py:493 - val_end_epoch()]	 dev/pct_correct_length: 11323.80	 avg: 0.3471
[10.12 00:35:57] [train_abc.py:493 - val_end_epoch()]	 dev/pct_correct_wordct: 31496.60	 avg: 0.9653
[10.12 00:35:57] [train_abc.py:493 - val_end_epoch()]	 dev/NLL: 03.82	 avg: 3.8215
[10.12 00:35:59] [util_checkpoint.py:142 - save_if_best()]	 Best metric for epoch = 13 at epoch=13
[10.12 00:35:59] [util_checkpoint.py:113 - save_most_recent()]	 Saving most recent model at epoch=13 to ../../wandb/wandb/run-20231011_211723-3sdgff0h/files/epoch_13.pth.tar
[10.12 00:36:50] [train_abc.py:950 - train_step()]	 Training epoch=14...
[10.12 00:42:56] [train_abc.py:549 - val_step()]	 Evaluating at all_step 303388 (epoch=14)...
[10.12 00:42:56] [train_abc.py:558 - val_step()]	 Primary eval; epoch: 14
[10.12 00:43:04] [train_abc.py:620 - validate_val_loader()]	 
 idx: -1
Source: Tension in an arm? Slightly (1,6)
 	Target: a trifle
	 Actual: a bit

[10.12 01:14:49] [train_abc.py:493 - val_end_epoch()]	 dev/num_exact_match_char_2: 28.00	 avg: 0.0009
[10.12 01:14:49] [train_abc.py:493 - val_end_epoch()]	 dev/num_match_in_sample: 130.00	 avg: 0.0040
[10.12 01:14:49] [train_abc.py:493 - val_end_epoch()]	 dev/num_match_top_sampled: 63.00	 avg: 0.0019
[10.12 01:14:49] [train_abc.py:493 - val_end_epoch()]	 dev/num_match_top_5_sampled: 130.00	 avg: 0.0040
[10.12 01:14:49] [train_abc.py:493 - val_end_epoch()]	 dev/pct_correct_length: 12694.80	 avg: 0.3891
[10.12 01:14:49] [train_abc.py:493 - val_end_epoch()]	 dev/pct_correct_wordct: 31642.00	 avg: 0.9698
[10.12 01:14:49] [train_abc.py:493 - val_end_epoch()]	 dev/NLL: 04.01	 avg: 4.0113
[10.12 01:14:51] [util_checkpoint.py:142 - save_if_best()]	 Best metric for epoch = 14 at epoch=14
[10.12 01:14:51] [util_checkpoint.py:113 - save_most_recent()]	 Saving most recent model at epoch=14 to ../../wandb/wandb/run-20231011_211723-3sdgff0h/files/epoch_14.pth.tar
[10.12 01:15:40] [train_abc.py:950 - train_step()]	 Training epoch=15...
[10.12 01:22:47] [train_abc.py:549 - val_step()]	 Evaluating at all_step 379235 (epoch=15)...
[10.12 01:22:47] [train_abc.py:558 - val_step()]	 Primary eval; epoch: 15
[10.12 01:22:57] [train_abc.py:620 - validate_val_loader()]	 
 idx: -1
Source: Tension in an arm? Slightly (1,6)
 	Target: a trifle
	 Actual: a slighter

[10.12 01:51:48] [train_abc.py:493 - val_end_epoch()]	 dev/num_exact_match_char_2: 31.00	 avg: 0.0010
[10.12 01:51:48] [train_abc.py:493 - val_end_epoch()]	 dev/num_match_in_sample: 142.00	 avg: 0.0044
[10.12 01:51:48] [train_abc.py:493 - val_end_epoch()]	 dev/num_match_top_sampled: 63.00	 avg: 0.0019
[10.12 01:51:48] [train_abc.py:493 - val_end_epoch()]	 dev/num_match_top_5_sampled: 142.00	 avg: 0.0044
[10.12 01:51:48] [train_abc.py:493 - val_end_epoch()]	 dev/pct_correct_length: 14358.80	 avg: 0.4401
[10.12 01:51:48] [train_abc.py:493 - val_end_epoch()]	 dev/pct_correct_wordct: 31690.80	 avg: 0.9713
[10.12 01:51:48] [train_abc.py:493 - val_end_epoch()]	 dev/NLL: 04.27	 avg: 4.2670
[10.12 01:51:50] [util_checkpoint.py:142 - save_if_best()]	 Best metric for epoch = 15 at epoch=15
[10.12 01:51:50] [util_checkpoint.py:113 - save_most_recent()]	 Saving most recent model at epoch=15 to ../../wandb/wandb/run-20231011_211723-3sdgff0h/files/epoch_15.pth.tar
[10.12 01:52:31] [train_abc.py:950 - train_step()]	 Training epoch=16...
[10.12 01:58:28] [train_abc.py:549 - val_step()]	 Evaluating at all_step 455082 (epoch=16)...
[10.12 01:58:29] [train_abc.py:558 - val_step()]	 Primary eval; epoch: 16
[10.12 01:58:42] [train_abc.py:620 - validate_val_loader()]	 
 idx: -1
Source: Tension in an arm? Slightly (1,6)
 	Target: a trifle
	 Actual: g forceps

[10.12 02:28:03] [train_abc.py:493 - val_end_epoch()]	 dev/num_exact_match_char_2: 26.00	 avg: 0.0008
[10.12 02:28:03] [train_abc.py:493 - val_end_epoch()]	 dev/num_match_in_sample: 120.00	 avg: 0.0037
[10.12 02:28:03] [train_abc.py:493 - val_end_epoch()]	 dev/num_match_top_sampled: 55.00	 avg: 0.0017
[10.12 02:28:03] [train_abc.py:493 - val_end_epoch()]	 dev/num_match_top_5_sampled: 120.00	 avg: 0.0037
[10.12 02:28:03] [train_abc.py:493 - val_end_epoch()]	 dev/pct_correct_length: 14570.40	 avg: 0.4466
[10.12 02:28:03] [train_abc.py:493 - val_end_epoch()]	 dev/pct_correct_wordct: 31679.60	 avg: 0.9709
[10.12 02:28:03] [train_abc.py:493 - val_end_epoch()]	 dev/NLL: 04.47	 avg: 4.4698
[10.12 02:28:05] [util_checkpoint.py:142 - save_if_best()]	 Best metric for epoch = 16 at epoch=16
[10.12 02:28:05] [util_checkpoint.py:113 - save_most_recent()]	 Saving most recent model at epoch=16 to ../../wandb/wandb/run-20231011_211723-3sdgff0h/files/epoch_16.pth.tar
[10.12 02:28:41] [train_abc.py:950 - train_step()]	 Training epoch=17...
[10.12 02:35:08] [train_abc.py:549 - val_step()]	 Evaluating at all_step 530929 (epoch=17)...
[10.12 02:35:08] [train_abc.py:558 - val_step()]	 Primary eval; epoch: 17
[10.12 02:35:21] [train_abc.py:620 - validate_val_loader()]	 
 idx: -1
Source: Tension in an arm? Slightly (1,6)
 	Target: a trifle
	 Actual: a slight

[10.12 03:03:27] [train_abc.py:493 - val_end_epoch()]	 dev/num_exact_match_char_2: 18.00	 avg: 0.0006
[10.12 03:03:27] [train_abc.py:493 - val_end_epoch()]	 dev/num_match_in_sample: 96.00	 avg: 0.0029
[10.12 03:03:27] [train_abc.py:493 - val_end_epoch()]	 dev/num_match_top_sampled: 33.00	 avg: 0.0010
[10.12 03:03:27] [train_abc.py:493 - val_end_epoch()]	 dev/num_match_top_5_sampled: 96.00	 avg: 0.0029
[10.12 03:03:27] [train_abc.py:493 - val_end_epoch()]	 dev/pct_correct_length: 16024.80	 avg: 0.4911
[10.12 03:03:27] [train_abc.py:493 - val_end_epoch()]	 dev/pct_correct_wordct: 31839.80	 avg: 0.9758
[10.12 03:03:27] [train_abc.py:493 - val_end_epoch()]	 dev/NLL: 04.83	 avg: 4.8328
[10.12 03:03:29] [util_checkpoint.py:142 - save_if_best()]	 Best metric for epoch = 17 at epoch=17
[10.12 03:03:29] [util_checkpoint.py:113 - save_most_recent()]	 Saving most recent model at epoch=17 to ../../wandb/wandb/run-20231011_211723-3sdgff0h/files/epoch_17.pth.tar
[10.12 03:04:13] [train_abc.py:950 - train_step()]	 Training epoch=18...
[10.12 03:09:33] [train_abc.py:549 - val_step()]	 Evaluating at all_step 606776 (epoch=18)...
[10.12 03:09:33] [train_abc.py:558 - val_step()]	 Primary eval; epoch: 18
[10.12 03:09:44] [train_abc.py:620 - validate_val_loader()]	 
 idx: -1
Source: Tension in an arm? Slightly (1,6)
 	Target: a trifle
	 Actual: a minor

[10.12 03:39:03] [train_abc.py:493 - val_end_epoch()]	 dev/num_exact_match_char_2: 17.00	 avg: 0.0005
[10.12 03:39:03] [train_abc.py:493 - val_end_epoch()]	 dev/num_match_in_sample: 123.00	 avg: 0.0038
[10.12 03:39:03] [train_abc.py:493 - val_end_epoch()]	 dev/num_match_top_sampled: 50.00	 avg: 0.0015
[10.12 03:39:03] [train_abc.py:493 - val_end_epoch()]	 dev/num_match_top_5_sampled: 123.00	 avg: 0.0038
[10.12 03:39:03] [train_abc.py:493 - val_end_epoch()]	 dev/pct_correct_length: 16038.40	 avg: 0.4916
[10.12 03:39:03] [train_abc.py:493 - val_end_epoch()]	 dev/pct_correct_wordct: 31656.60	 avg: 0.9702
[10.12 03:39:03] [train_abc.py:493 - val_end_epoch()]	 dev/NLL: 05.18	 avg: 5.1764
[10.12 03:39:05] [util_checkpoint.py:142 - save_if_best()]	 Best metric for epoch = 18 at epoch=18
[10.12 03:39:05] [util_checkpoint.py:113 - save_most_recent()]	 Saving most recent model at epoch=18 to ../../wandb/wandb/run-20231011_211723-3sdgff0h/files/epoch_18.pth.tar
[10.12 03:39:54] [train_abc.py:950 - train_step()]	 Training epoch=19...
[10.12 03:46:13] [train_abc.py:549 - val_step()]	 Evaluating at all_step 682623 (epoch=19)...
[10.12 03:46:14] [train_abc.py:558 - val_step()]	 Primary eval; epoch: 19
[10.12 03:46:27] [train_abc.py:620 - validate_val_loader()]	 
 idx: -1
Source: Tension in an arm? Slightly (1,6)
 	Target: a trifle
	 Actual: a finger

[10.12 04:14:37] [train_abc.py:493 - val_end_epoch()]	 dev/num_exact_match_char_2: 15.00	 avg: 0.0005
[10.12 04:14:37] [train_abc.py:493 - val_end_epoch()]	 dev/num_match_in_sample: 98.00	 avg: 0.0030
[10.12 04:14:37] [train_abc.py:493 - val_end_epoch()]	 dev/num_match_top_sampled: 38.00	 avg: 0.0012
[10.12 04:14:37] [train_abc.py:493 - val_end_epoch()]	 dev/num_match_top_5_sampled: 98.00	 avg: 0.0030
[10.12 04:14:37] [train_abc.py:493 - val_end_epoch()]	 dev/pct_correct_length: 16738.20	 avg: 0.5130
[10.12 04:14:37] [train_abc.py:493 - val_end_epoch()]	 dev/pct_correct_wordct: 31779.40	 avg: 0.9740
[10.12 04:14:37] [train_abc.py:493 - val_end_epoch()]	 dev/NLL: 05.61	 avg: 5.6060
[10.12 04:14:38] [util_checkpoint.py:142 - save_if_best()]	 Best metric for epoch = 19 at epoch=19
[10.12 04:14:38] [util_checkpoint.py:113 - save_most_recent()]	 Saving most recent model at epoch=19 to ../../wandb/wandb/run-20231011_211723-3sdgff0h/files/epoch_19.pth.tar
[10.12 04:15:31] [train_abc.py:950 - train_step()]	 Training epoch=20...
[10.12 04:21:13] [train_abc.py:549 - val_step()]	 Evaluating at all_step 758470 (epoch=20)...
[10.12 04:21:13] [train_abc.py:558 - val_step()]	 Primary eval; epoch: 20
[10.12 04:21:27] [train_abc.py:620 - validate_val_loader()]	 
 idx: -1
Source: Tension in an arm? Slightly (1,6)
 	Target: a trifle
	 Actual: a finger

[10.12 04:50:39] [train_abc.py:493 - val_end_epoch()]	 dev/num_exact_match_char_2: 08.00	 avg: 0.0002
[10.12 04:50:40] [train_abc.py:493 - val_end_epoch()]	 dev/num_match_in_sample: 85.00	 avg: 0.0026
[10.12 04:50:40] [train_abc.py:493 - val_end_epoch()]	 dev/num_match_top_sampled: 24.00	 avg: 0.0007
[10.12 04:50:40] [train_abc.py:493 - val_end_epoch()]	 dev/num_match_top_5_sampled: 85.00	 avg: 0.0026
[10.12 04:50:40] [train_abc.py:493 - val_end_epoch()]	 dev/pct_correct_length: 16946.00	 avg: 0.5194
[10.12 04:50:40] [train_abc.py:493 - val_end_epoch()]	 dev/pct_correct_wordct: 31735.60	 avg: 0.9726
[10.12 04:50:40] [train_abc.py:493 - val_end_epoch()]	 dev/NLL: 05.67	 avg: 5.6655
[10.12 04:50:43] [util_checkpoint.py:142 - save_if_best()]	 Best metric for epoch = 20 at epoch=20
[10.12 04:50:43] [util_checkpoint.py:113 - save_most_recent()]	 Saving most recent model at epoch=20 to ../../wandb/wandb/run-20231011_211723-3sdgff0h/files/epoch_20.pth.tar
[10.12 04:51:26] [train_abc.py:950 - train_step()]	 Training epoch=21...
[10.12 04:57:03] [train_abc.py:549 - val_step()]	 Evaluating at all_step 834317 (epoch=21)...
[10.12 04:57:03] [train_abc.py:558 - val_step()]	 Primary eval; epoch: 21
[10.12 04:57:16] [train_abc.py:620 - validate_val_loader()]	 
 idx: -1
Source: Tension in an arm? Slightly (1,6)
 	Target: a trifle
	 Actual: a minor

[10.12 05:26:13] [train_abc.py:493 - val_end_epoch()]	 dev/num_exact_match_char_2: 18.00	 avg: 0.0006
[10.12 05:26:13] [train_abc.py:493 - val_end_epoch()]	 dev/num_match_in_sample: 72.00	 avg: 0.0022
[10.12 05:26:13] [train_abc.py:493 - val_end_epoch()]	 dev/num_match_top_sampled: 32.00	 avg: 0.0010
[10.12 05:26:13] [train_abc.py:493 - val_end_epoch()]	 dev/num_match_top_5_sampled: 72.00	 avg: 0.0022
[10.12 05:26:13] [train_abc.py:493 - val_end_epoch()]	 dev/pct_correct_length: 17130.40	 avg: 0.5250
[10.12 05:26:13] [train_abc.py:493 - val_end_epoch()]	 dev/pct_correct_wordct: 31579.00	 avg: 0.9678
[10.12 05:26:13] [train_abc.py:493 - val_end_epoch()]	 dev/NLL: 05.84	 avg: 5.8427
[10.12 05:26:15] [util_checkpoint.py:142 - save_if_best()]	 Best metric for epoch = 21 at epoch=21
[10.12 05:26:15] [util_checkpoint.py:113 - save_most_recent()]	 Saving most recent model at epoch=21 to ../../wandb/wandb/run-20231011_211723-3sdgff0h/files/epoch_21.pth.tar
[10.12 05:27:23] [train_abc.py:950 - train_step()]	 Training epoch=22...
[10.12 05:34:09] [train_abc.py:549 - val_step()]	 Evaluating at all_step 910164 (epoch=22)...
[10.12 05:34:09] [train_abc.py:558 - val_step()]	 Primary eval; epoch: 22
[10.12 05:34:22] [train_abc.py:620 - validate_val_loader()]	 
 idx: -1
Source: Tension in an arm? Slightly (1,6)
 	Target: a trifle
	 Actual: a majori

[10.12 06:02:03] [train_abc.py:493 - val_end_epoch()]	 dev/num_exact_match_char_2: 21.00	 avg: 0.0006
[10.12 06:02:03] [train_abc.py:493 - val_end_epoch()]	 dev/num_match_in_sample: 81.00	 avg: 0.0025
[10.12 06:02:03] [train_abc.py:493 - val_end_epoch()]	 dev/num_match_top_sampled: 35.00	 avg: 0.0011
[10.12 06:02:03] [train_abc.py:493 - val_end_epoch()]	 dev/num_match_top_5_sampled: 81.00	 avg: 0.0025
[10.12 06:02:03] [train_abc.py:493 - val_end_epoch()]	 dev/pct_correct_length: 17762.60	 avg: 0.5444
[10.12 06:02:03] [train_abc.py:493 - val_end_epoch()]	 dev/pct_correct_wordct: 31546.20	 avg: 0.9668
[10.12 06:02:03] [train_abc.py:493 - val_end_epoch()]	 dev/NLL: 06.17	 avg: 6.1704
[10.12 06:02:04] [util_checkpoint.py:142 - save_if_best()]	 Best metric for epoch = 22 at epoch=22
[10.12 06:02:04] [util_checkpoint.py:113 - save_most_recent()]	 Saving most recent model at epoch=22 to ../../wandb/wandb/run-20231011_211723-3sdgff0h/files/epoch_22.pth.tar
[10.12 06:02:37] [train_abc.py:950 - train_step()]	 Training epoch=23...
[10.12 06:08:13] [train_abc.py:549 - val_step()]	 Evaluating at all_step 986011 (epoch=23)...
[10.12 06:08:13] [train_abc.py:558 - val_step()]	 Primary eval; epoch: 23
[10.12 06:08:23] [train_abc.py:620 - validate_val_loader()]	 
 idx: -1
Source: Tension in an arm? Slightly (1,6)
 	Target: a trifle
	 Actual: a minor

[10.12 06:19:00] [train_abc.py:493 - val_end_epoch()]	 dev/num_exact_match_char_2: 16.00	 avg: 0.0005
[10.12 06:19:00] [train_abc.py:493 - val_end_epoch()]	 dev/num_match_in_sample: 80.00	 avg: 0.0025
[10.12 06:19:00] [train_abc.py:493 - val_end_epoch()]	 dev/num_match_top_sampled: 20.00	 avg: 0.0006
[10.12 06:19:00] [train_abc.py:493 - val_end_epoch()]	 dev/num_match_top_5_sampled: 80.00	 avg: 0.0025
[10.12 06:19:00] [train_abc.py:493 - val_end_epoch()]	 dev/pct_correct_length: 17356.20	 avg: 0.5319
[10.12 06:19:00] [train_abc.py:493 - val_end_epoch()]	 dev/pct_correct_wordct: 31597.40	 avg: 0.9684
[10.12 06:19:00] [train_abc.py:493 - val_end_epoch()]	 dev/NLL: 06.29	 avg: 6.2946
[10.12 06:19:03] [util_checkpoint.py:142 - save_if_best()]	 Best metric for epoch = 23 at epoch=23
[10.12 06:19:03] [util_checkpoint.py:113 - save_most_recent()]	 Saving most recent model at epoch=23 to ../../wandb/wandb/run-20231011_211723-3sdgff0h/files/epoch_23.pth.tar
[10.12 06:19:45] [train_abc.py:950 - train_step()]	 Training epoch=24...
[10.12 06:24:02] [train_abc.py:549 - val_step()]	 Evaluating at all_step 1061858 (epoch=24)...
[10.12 06:24:03] [train_abc.py:558 - val_step()]	 Primary eval; epoch: 24
[10.12 06:24:13] [train_abc.py:620 - validate_val_loader()]	 
 idx: -1
Source: Tension in an arm? Slightly (1,6)
 	Target: a trifle
	 Actual: a priori

[10.12 06:34:43] [train_abc.py:493 - val_end_epoch()]	 dev/num_exact_match_char_2: 22.00	 avg: 0.0007
[10.12 06:34:43] [train_abc.py:493 - val_end_epoch()]	 dev/num_match_in_sample: 76.00	 avg: 0.0023
[10.12 06:34:43] [train_abc.py:493 - val_end_epoch()]	 dev/num_match_top_sampled: 36.00	 avg: 0.0011
[10.12 06:34:43] [train_abc.py:493 - val_end_epoch()]	 dev/num_match_top_5_sampled: 76.00	 avg: 0.0023
[10.12 06:34:43] [train_abc.py:493 - val_end_epoch()]	 dev/pct_correct_length: 18356.60	 avg: 0.5626
[10.12 06:34:43] [train_abc.py:493 - val_end_epoch()]	 dev/pct_correct_wordct: 31629.80	 avg: 0.9694
[10.12 06:34:43] [train_abc.py:493 - val_end_epoch()]	 dev/NLL: 06.59	 avg: 6.5932
[10.12 06:34:44] [util_checkpoint.py:142 - save_if_best()]	 Best metric for epoch = 24 at epoch=24
[10.12 06:34:44] [util_checkpoint.py:113 - save_most_recent()]	 Saving most recent model at epoch=24 to ../../wandb/wandb/run-20231011_211723-3sdgff0h/files/epoch_24.pth.tar
[10.12 06:35:20] [train_abc.py:950 - train_step()]	 Training epoch=25...
[10.12 06:38:42] [train_abc.py:549 - val_step()]	 Evaluating at all_step 1137705 (epoch=25)...
[10.12 06:38:42] [train_abc.py:558 - val_step()]	 Primary eval; epoch: 25
[10.12 06:38:47] [train_abc.py:620 - validate_val_loader()]	 
 idx: -1
Source: Tension in an arm? Slightly (1,6)
 	Target: a trifle
	 Actual: a finger

[10.12 06:49:37] [train_abc.py:493 - val_end_epoch()]	 dev/num_exact_match_char_2: 12.00	 avg: 0.0004
[10.12 06:49:37] [train_abc.py:493 - val_end_epoch()]	 dev/num_match_in_sample: 69.00	 avg: 0.0021
[10.12 06:49:37] [train_abc.py:493 - val_end_epoch()]	 dev/num_match_top_sampled: 24.00	 avg: 0.0007
[10.12 06:49:37] [train_abc.py:493 - val_end_epoch()]	 dev/num_match_top_5_sampled: 69.00	 avg: 0.0021
[10.12 06:49:37] [train_abc.py:493 - val_end_epoch()]	 dev/pct_correct_length: 17693.00	 avg: 0.5423
[10.12 06:49:37] [train_abc.py:493 - val_end_epoch()]	 dev/pct_correct_wordct: 31646.80	 avg: 0.9699
[10.12 06:49:37] [train_abc.py:493 - val_end_epoch()]	 dev/NLL: 06.63	 avg: 6.6261
[10.12 06:49:39] [util_checkpoint.py:142 - save_if_best()]	 Best metric for epoch = 25 at epoch=25
[10.12 06:49:39] [util_checkpoint.py:113 - save_most_recent()]	 Saving most recent model at epoch=25 to ../../wandb/wandb/run-20231011_211723-3sdgff0h/files/epoch_25.pth.tar
[10.12 06:50:30] [train_abc.py:950 - train_step()]	 Training epoch=26...
[10.12 06:55:00] [train_abc.py:549 - val_step()]	 Evaluating at all_step 1213552 (epoch=26)...
[10.12 06:55:01] [train_abc.py:558 - val_step()]	 Primary eval; epoch: 26
[10.12 06:55:11] [train_abc.py:620 - validate_val_loader()]	 
 idx: -1
Source: Tension in an arm? Slightly (1,6)
 	Target: a trifle
	 Actual: g string

[10.12 07:02:50] [train_abc.py:493 - val_end_epoch()]	 dev/num_exact_match_char_2: 17.00	 avg: 0.0005
[10.12 07:02:50] [train_abc.py:493 - val_end_epoch()]	 dev/num_match_in_sample: 56.00	 avg: 0.0017
[10.12 07:02:50] [train_abc.py:493 - val_end_epoch()]	 dev/num_match_top_sampled: 32.00	 avg: 0.0010
[10.12 07:02:50] [train_abc.py:493 - val_end_epoch()]	 dev/num_match_top_5_sampled: 56.00	 avg: 0.0017
[10.12 07:02:50] [train_abc.py:493 - val_end_epoch()]	 dev/pct_correct_length: 18054.60	 avg: 0.5533
[10.12 07:02:50] [train_abc.py:493 - val_end_epoch()]	 dev/pct_correct_wordct: 31491.60	 avg: 0.9652
[10.12 07:02:50] [train_abc.py:493 - val_end_epoch()]	 dev/NLL: 06.60	 avg: 6.5998
[10.12 07:02:52] [util_checkpoint.py:142 - save_if_best()]	 Best metric for epoch = 26 at epoch=26
[10.12 07:02:52] [util_checkpoint.py:113 - save_most_recent()]	 Saving most recent model at epoch=26 to ../../wandb/wandb/run-20231011_211723-3sdgff0h/files/epoch_26.pth.tar
[10.12 07:03:44] [train_abc.py:950 - train_step()]	 Training epoch=27...
[10.12 07:06:23] [train_abc.py:549 - val_step()]	 Evaluating at all_step 1289399 (epoch=27)...
[10.12 07:06:23] [train_abc.py:558 - val_step()]	 Primary eval; epoch: 27
[10.12 07:06:29] [train_abc.py:620 - validate_val_loader()]	 
 idx: -1
Source: Tension in an arm? Slightly (1,6)
 	Target: a trifle
	 Actual: a finger

[10.12 07:11:54] [train_abc.py:493 - val_end_epoch()]	 dev/num_exact_match_char_2: 15.00	 avg: 0.0005
[10.12 07:11:54] [train_abc.py:493 - val_end_epoch()]	 dev/num_match_in_sample: 56.00	 avg: 0.0017
[10.12 07:11:54] [train_abc.py:493 - val_end_epoch()]	 dev/num_match_top_sampled: 20.00	 avg: 0.0006
[10.12 07:11:54] [train_abc.py:493 - val_end_epoch()]	 dev/num_match_top_5_sampled: 56.00	 avg: 0.0017
[10.12 07:11:54] [train_abc.py:493 - val_end_epoch()]	 dev/pct_correct_length: 19535.40	 avg: 0.5987
[10.12 07:11:54] [train_abc.py:493 - val_end_epoch()]	 dev/pct_correct_wordct: 31687.00	 avg: 0.9712
[10.12 07:11:54] [train_abc.py:493 - val_end_epoch()]	 dev/NLL: 06.55	 avg: 6.5550
[10.12 07:11:57] [util_checkpoint.py:142 - save_if_best()]	 Best metric for epoch = 27 at epoch=27
[10.12 07:11:57] [util_checkpoint.py:113 - save_most_recent()]	 Saving most recent model at epoch=27 to ../../wandb/wandb/run-20231011_211723-3sdgff0h/files/epoch_27.pth.tar
[10.12 07:12:46] [train_abc.py:950 - train_step()]	 Training epoch=28...
[10.12 07:16:20] [train_abc.py:549 - val_step()]	 Evaluating at all_step 1365246 (epoch=28)...
[10.12 07:16:20] [train_abc.py:558 - val_step()]	 Primary eval; epoch: 28
[10.12 07:16:29] [train_abc.py:620 - validate_val_loader()]	 
 idx: -1
Source: Tension in an arm? Slightly (1,6)
 	Target: a trifle
	 Actual: a smallish

[10.12 07:22:05] [train_abc.py:493 - val_end_epoch()]	 dev/num_exact_match_char_2: 08.00	 avg: 0.0002
[10.12 07:22:05] [train_abc.py:493 - val_end_epoch()]	 dev/num_match_in_sample: 43.00	 avg: 0.0013
[10.12 07:22:05] [train_abc.py:493 - val_end_epoch()]	 dev/num_match_top_sampled: 17.00	 avg: 0.0005
[10.12 07:22:05] [train_abc.py:493 - val_end_epoch()]	 dev/num_match_top_5_sampled: 43.00	 avg: 0.0013
[10.12 07:22:05] [train_abc.py:493 - val_end_epoch()]	 dev/pct_correct_length: 19804.40	 avg: 0.6070
[10.12 07:22:05] [train_abc.py:493 - val_end_epoch()]	 dev/pct_correct_wordct: 31786.80	 avg: 0.9742
[10.12 07:22:05] [train_abc.py:493 - val_end_epoch()]	 dev/NLL: 06.94	 avg: 6.9380
[10.12 07:22:06] [util_checkpoint.py:142 - save_if_best()]	 Best metric for epoch = 28 at epoch=28
[10.12 07:22:06] [util_checkpoint.py:113 - save_most_recent()]	 Saving most recent model at epoch=28 to ../../wandb/wandb/run-20231011_211723-3sdgff0h/files/epoch_28.pth.tar
[10.12 07:23:06] [train_abc.py:950 - train_step()]	 Training epoch=29...
[10.12 07:27:13] [train_abc.py:549 - val_step()]	 Evaluating at all_step 1441093 (epoch=29)...
[10.12 07:27:13] [train_abc.py:558 - val_step()]	 Primary eval; epoch: 29
[10.12 07:27:23] [train_abc.py:620 - validate_val_loader()]	 
 idx: -1
Source: Tension in an arm? Slightly (1,6)
 	Target: a trifle
	 Actual: w factor

[10.12 07:33:31] [train_abc.py:493 - val_end_epoch()]	 dev/num_exact_match_char_2: 09.00	 avg: 0.0003
[10.12 07:33:31] [train_abc.py:493 - val_end_epoch()]	 dev/num_match_in_sample: 57.00	 avg: 0.0017
[10.12 07:33:31] [train_abc.py:493 - val_end_epoch()]	 dev/num_match_top_sampled: 17.00	 avg: 0.0005
[10.12 07:33:31] [train_abc.py:493 - val_end_epoch()]	 dev/num_match_top_5_sampled: 57.00	 avg: 0.0017
[10.12 07:33:31] [train_abc.py:493 - val_end_epoch()]	 dev/pct_correct_length: 20306.00	 avg: 0.6223
[10.12 07:33:31] [train_abc.py:493 - val_end_epoch()]	 dev/pct_correct_wordct: 31817.00	 avg: 0.9751
[10.12 07:33:31] [train_abc.py:493 - val_end_epoch()]	 dev/NLL: 07.34	 avg: 7.3383
[10.12 07:33:36] [util_checkpoint.py:142 - save_if_best()]	 Best metric for epoch = 29 at epoch=29
[10.12 07:33:36] [util_checkpoint.py:113 - save_most_recent()]	 Saving most recent model at epoch=29 to ../../wandb/wandb/run-20231011_211723-3sdgff0h/files/epoch_29.pth.tar
[10.12 07:34:10] [train_abc.py:950 - train_step()]	 Training epoch=30...
[10.12 07:36:34] [train_abc.py:549 - val_step()]	 Evaluating at all_step 1516940 (epoch=30)...
[10.12 07:36:34] [train_abc.py:558 - val_step()]	 Primary eval; epoch: 30
[10.12 07:36:36] [train_abc.py:620 - validate_val_loader()]	 
 idx: -1
Source: Tension in an arm? Slightly (1,6)
 	Target: a trifle
	 Actual: a slither

[10.12 07:42:54] [train_abc.py:493 - val_end_epoch()]	 dev/num_exact_match_char_2: 12.00	 avg: 0.0004
[10.12 07:42:54] [train_abc.py:493 - val_end_epoch()]	 dev/num_match_in_sample: 38.00	 avg: 0.0012
[10.12 07:42:54] [train_abc.py:493 - val_end_epoch()]	 dev/num_match_top_sampled: 16.00	 avg: 0.0005
[10.12 07:42:54] [train_abc.py:493 - val_end_epoch()]	 dev/num_match_top_5_sampled: 38.00	 avg: 0.0012
[10.12 07:42:54] [train_abc.py:493 - val_end_epoch()]	 dev/pct_correct_length: 19105.20	 avg: 0.5855
[10.12 07:42:54] [train_abc.py:493 - val_end_epoch()]	 dev/pct_correct_wordct: 31522.40	 avg: 0.9661
[10.12 07:42:54] [train_abc.py:493 - val_end_epoch()]	 dev/NLL: 07.40	 avg: 7.4035
[10.12 07:42:55] [util_checkpoint.py:142 - save_if_best()]	 Best metric for epoch = 30 at epoch=30
[10.12 07:42:55] [util_checkpoint.py:113 - save_most_recent()]	 Saving most recent model at epoch=30 to ../../wandb/wandb/run-20231011_211723-3sdgff0h/files/epoch_30.pth.tar
[10.12 07:43:43] [train_abc.py:950 - train_step()]	 Training epoch=31...
[10.12 07:48:04] [train_abc.py:549 - val_step()]	 Evaluating at all_step 1592787 (epoch=31)...
[10.12 07:48:04] [train_abc.py:558 - val_step()]	 Primary eval; epoch: 31
[10.12 07:48:14] [train_abc.py:620 - validate_val_loader()]	 
 idx: -1
Source: Tension in an arm? Slightly (1,6)
 	Target: a trifle
	 Actual: a priori

[10.12 07:53:46] [train_abc.py:493 - val_end_epoch()]	 dev/num_exact_match_char_2: 11.00	 avg: 0.0003
[10.12 07:53:46] [train_abc.py:493 - val_end_epoch()]	 dev/num_match_in_sample: 41.00	 avg: 0.0013
[10.12 07:53:46] [train_abc.py:493 - val_end_epoch()]	 dev/num_match_top_sampled: 18.00	 avg: 0.0006
[10.12 07:53:46] [train_abc.py:493 - val_end_epoch()]	 dev/num_match_top_5_sampled: 41.00	 avg: 0.0013
[10.12 07:53:46] [train_abc.py:493 - val_end_epoch()]	 dev/pct_correct_length: 19091.60	 avg: 0.5851
[10.12 07:53:46] [train_abc.py:493 - val_end_epoch()]	 dev/pct_correct_wordct: 31546.60	 avg: 0.9669
[10.12 07:53:46] [train_abc.py:493 - val_end_epoch()]	 dev/NLL: 07.71	 avg: 7.7120
[10.12 07:53:47] [util_checkpoint.py:142 - save_if_best()]	 Best metric for epoch = 31 at epoch=31
[10.12 07:53:47] [util_checkpoint.py:113 - save_most_recent()]	 Saving most recent model at epoch=31 to ../../wandb/wandb/run-20231011_211723-3sdgff0h/files/epoch_31.pth.tar
[10.12 07:54:47] [train_abc.py:950 - train_step()]	 Training epoch=32...
[10.12 07:57:53] [train_abc.py:549 - val_step()]	 Evaluating at all_step 1668634 (epoch=32)...
[10.12 07:57:53] [train_abc.py:558 - val_step()]	 Primary eval; epoch: 32
[10.12 07:58:02] [train_abc.py:620 - validate_val_loader()]	 
 idx: -1
Source: Tension in an arm? Slightly (1,6)
 	Target: a trifle
	 Actual: a friend

[10.12 08:01:48] [train_abc.py:493 - val_end_epoch()]	 dev/num_exact_match_char_2: 08.00	 avg: 0.0002
[10.12 08:01:48] [train_abc.py:493 - val_end_epoch()]	 dev/num_match_in_sample: 47.00	 avg: 0.0014
[10.12 08:01:48] [train_abc.py:493 - val_end_epoch()]	 dev/num_match_top_sampled: 15.00	 avg: 0.0005
[10.12 08:01:48] [train_abc.py:493 - val_end_epoch()]	 dev/num_match_top_5_sampled: 47.00	 avg: 0.0014
[10.12 08:01:48] [train_abc.py:493 - val_end_epoch()]	 dev/pct_correct_length: 19876.20	 avg: 0.6092
[10.12 08:01:48] [train_abc.py:493 - val_end_epoch()]	 dev/pct_correct_wordct: 31387.60	 avg: 0.9620
[10.12 08:01:48] [train_abc.py:493 - val_end_epoch()]	 dev/NLL: 07.64	 avg: 7.6423
[10.12 08:01:48] [util_checkpoint.py:142 - save_if_best()]	 Best metric for epoch = 32 at epoch=32
[10.12 08:01:48] [util_checkpoint.py:113 - save_most_recent()]	 Saving most recent model at epoch=32 to ../../wandb/wandb/run-20231011_211723-3sdgff0h/files/epoch_32.pth.tar
[10.12 08:02:35] [train_abc.py:950 - train_step()]	 Training epoch=33...
[10.12 08:04:25] [train_abc.py:549 - val_step()]	 Evaluating at all_step 1744481 (epoch=33)...
[10.12 08:04:25] [train_abc.py:558 - val_step()]	 Primary eval; epoch: 33
[10.12 08:04:31] [train_abc.py:620 - validate_val_loader()]	 
 idx: -1
Source: Tension in an arm? Slightly (1,6)
 	Target: a trifle
	 Actual: a glance

[10.12 08:08:30] [train_abc.py:493 - val_end_epoch()]	 dev/num_exact_match_char_2: 08.00	 avg: 0.0002
[10.12 08:08:30] [train_abc.py:493 - val_end_epoch()]	 dev/num_match_in_sample: 43.00	 avg: 0.0013
[10.12 08:08:30] [train_abc.py:493 - val_end_epoch()]	 dev/num_match_top_sampled: 13.00	 avg: 0.0004
[10.12 08:08:30] [train_abc.py:493 - val_end_epoch()]	 dev/num_match_top_5_sampled: 43.00	 avg: 0.0013
[10.12 08:08:30] [train_abc.py:493 - val_end_epoch()]	 dev/pct_correct_length: 19794.80	 avg: 0.6067
[10.12 08:08:30] [train_abc.py:493 - val_end_epoch()]	 dev/pct_correct_wordct: 31425.80	 avg: 0.9632
[10.12 08:08:30] [train_abc.py:493 - val_end_epoch()]	 dev/NLL: 08.08	 avg: 8.0798
[10.12 08:08:31] [util_checkpoint.py:142 - save_if_best()]	 Best metric for epoch = 33 at epoch=33
[10.12 08:08:31] [util_checkpoint.py:113 - save_most_recent()]	 Saving most recent model at epoch=33 to ../../wandb/wandb/run-20231011_211723-3sdgff0h/files/epoch_33.pth.tar
[10.12 08:09:35] [train_abc.py:950 - train_step()]	 Training epoch=34...
[10.12 08:13:31] [train_abc.py:549 - val_step()]	 Evaluating at all_step 1820328 (epoch=34)...
[10.12 08:13:32] [train_abc.py:558 - val_step()]	 Primary eval; epoch: 34
[10.12 08:13:41] [train_abc.py:620 - validate_val_loader()]	 
 idx: -1
Source: Tension in an arm? Slightly (1,6)
 	Target: a trifle
	 Actual: a bitch

[10.12 08:17:25] [train_abc.py:493 - val_end_epoch()]	 dev/num_exact_match_char_2: 13.00	 avg: 0.0004
[10.12 08:17:25] [train_abc.py:493 - val_end_epoch()]	 dev/num_match_in_sample: 52.00	 avg: 0.0016
[10.12 08:17:25] [train_abc.py:493 - val_end_epoch()]	 dev/num_match_top_sampled: 16.00	 avg: 0.0005
[10.12 08:17:25] [train_abc.py:493 - val_end_epoch()]	 dev/num_match_top_5_sampled: 52.00	 avg: 0.0016
[10.12 08:17:25] [train_abc.py:493 - val_end_epoch()]	 dev/pct_correct_length: 20353.00	 avg: 0.6238
[10.12 08:17:25] [train_abc.py:493 - val_end_epoch()]	 dev/pct_correct_wordct: 31556.20	 avg: 0.9672
[10.12 08:17:25] [train_abc.py:493 - val_end_epoch()]	 dev/NLL: 08.22	 avg: 8.2249
[10.12 08:17:28] [util_checkpoint.py:142 - save_if_best()]	 Best metric for epoch = 34 at epoch=34
[10.12 08:17:28] [util_checkpoint.py:113 - save_most_recent()]	 Saving most recent model at epoch=34 to ../../wandb/wandb/run-20231011_211723-3sdgff0h/files/epoch_34.pth.tar
[10.12 08:18:28] [train_abc.py:950 - train_step()]	 Training epoch=35...
[10.12 08:21:06] [train_abc.py:549 - val_step()]	 Evaluating at all_step 1896175 (epoch=35)...
[10.12 08:21:06] [train_abc.py:558 - val_step()]	 Primary eval; epoch: 35
[10.12 08:21:12] [train_abc.py:620 - validate_val_loader()]	 
 idx: -1
Source: Tension in an arm? Slightly (1,6)
 	Target: a trifle
	 Actual: a finger

[10.12 08:24:58] [train_abc.py:493 - val_end_epoch()]	 dev/num_exact_match_char_2: 10.00	 avg: 0.0003
[10.12 08:24:58] [train_abc.py:493 - val_end_epoch()]	 dev/num_match_in_sample: 58.00	 avg: 0.0018
[10.12 08:24:58] [train_abc.py:493 - val_end_epoch()]	 dev/num_match_top_sampled: 15.00	 avg: 0.0005
[10.12 08:24:58] [train_abc.py:493 - val_end_epoch()]	 dev/num_match_top_5_sampled: 58.00	 avg: 0.0018
[10.12 08:24:58] [train_abc.py:493 - val_end_epoch()]	 dev/pct_correct_length: 19953.80	 avg: 0.6116
[10.12 08:24:58] [train_abc.py:493 - val_end_epoch()]	 dev/pct_correct_wordct: 31433.20	 avg: 0.9634
[10.12 08:24:58] [train_abc.py:493 - val_end_epoch()]	 dev/NLL: 08.08	 avg: 8.0834
[10.12 08:25:00] [util_checkpoint.py:142 - save_if_best()]	 Best metric for epoch = 35 at epoch=35
[10.12 08:25:00] [util_checkpoint.py:113 - save_most_recent()]	 Saving most recent model at epoch=35 to ../../wandb/wandb/run-20231011_211723-3sdgff0h/files/epoch_35.pth.tar
[10.12 08:25:53] [train_clues.py:110 - post_run()]	 loading from
	../../wandb/wandb/run-20231011_211723-3sdgff0h/files/epoch_12.pth.tar
	../../wandb/wandb/run-20231011_211723-3sdgff0h/files/ckpt_dev_num_match_top_sampled_80.00_12.pth.tar
[10.12 08:25:53] [train_clues.py:113 - post_run()]	 for final validation:
	../../wandb/wandb/run-20231011_211723-3sdgff0h/files/epoch_12.pth.tarpreds.json
 ending 
